[debug] [2024-08-10T02:42:23.465Z] ----------------------------------------------------------------------
[debug] [2024-08-10T02:42:23.468Z] Command:       C:\Program Files\nodejs\node.exe C:\Users\DELL\AppData\Roaming\npm\node_modules\firebase-tools\lib\bin\firebase.js init
[debug] [2024-08-10T02:42:23.468Z] CLI Version:   13.8.0
[debug] [2024-08-10T02:42:23.469Z] Platform:      win32
[debug] [2024-08-10T02:42:23.469Z] Node Version:  v20.9.0
[debug] [2024-08-10T02:42:23.469Z] Time:          Sat Aug 10 2024 08:12:23 GMT+0530 (India Standard Time)
[debug] [2024-08-10T02:42:23.469Z] ----------------------------------------------------------------------
[debug] 
[debug] [2024-08-10T02:42:23.475Z] > command requires scopes: ["email","openid","https://www.googleapis.com/auth/cloudplatformprojects.readonly","https://www.googleapis.com/auth/firebase","https://www.googleapis.com/auth/cloud-platform"]
[debug] [2024-08-10T02:42:23.475Z] > authorizing via signed-in user (softedge.online@gmail.com)
[info] 
     ######## #### ########  ######## ########     ###     ######  ########
     ##        ##  ##     ## ##       ##     ##  ##   ##  ##       ##
     ######    ##  ########  ######   ########  #########  ######  ######
     ##        ##  ##    ##  ##       ##     ## ##     ##       ## ##
     ##       #### ##     ## ######## ########  ##     ##  ######  ########

You're about to initialize a Firebase project in this directory:

  C:\Users\DELL\Downloads\leadsbee-responsive-main

[info] 
=== Project Setup
[info] 
[info] First, let's associate this project directory with a Firebase project.
[info] You can create multiple project aliases by running firebase use --add, 
[info] but for now we'll just set up a default project.
[info] 
[debug] [2024-08-10T02:42:36.011Z] >>> [apiv2][query] GET https://firebase.googleapis.com/v1beta1/projects pageSize=100
[debug] [2024-08-10T02:42:37.085Z] <<< [apiv2][status] GET https://firebase.googleapis.com/v1beta1/projects 200
[debug] [2024-08-10T02:42:37.085Z] <<< [apiv2][body] GET https://firebase.googleapis.com/v1beta1/projects [omitted]
[info] i  Using project tamkinexpress-4310a (tamkinexpress) 
[info] 
=== Hosting Setup
[debug] [2024-08-10T02:42:39.555Z] >>> [apiv2][query] GET https://firebase.googleapis.com/v1beta1/projects/tamkinexpress-4310a [none]
[debug] [2024-08-10T02:42:39.986Z] <<< [apiv2][status] GET https://firebase.googleapis.com/v1beta1/projects/tamkinexpress-4310a 200
[debug] [2024-08-10T02:42:39.986Z] <<< [apiv2][body] GET https://firebase.googleapis.com/v1beta1/projects/tamkinexpress-4310a {"projectId":"tamkinexpress-4310a","projectNumber":"882962838036","displayName":"tamkinexpress","name":"projects/tamkinexpress-4310a","resources":{"hostingSite":"tamkinexpress-4310a"},"state":"ACTIVE","etag":"1_f1c2601d-f286-4675-b1e0-cfd9b170f9b1"}
[info] 
[info] Your public directory is the folder (relative to your project directory) that
[info] will contain Hosting assets to be uploaded with firebase deploy. If you
[info] have a build process for your assets, use your build's output directory.
[info] 
